\BOOKMARK [0][-]{chapter.1}{\376\377\0001\000\040\000g\000t\000b\000e\000l\000i\000b}{}% 1
\BOOKMARK [0][-]{chapter.2}{\376\377\0002\000\040\000M\000o\000d\000u\000l\000e\000\040\000I\000n\000d\000e\000x}{}% 2
\BOOKMARK [1][-]{section.2.1}{\376\377\0002\000.\0001\000\040\000M\000o\000d\000u\000l\000e\000s}{chapter.2}% 3
\BOOKMARK [0][-]{chapter.3}{\376\377\0003\000\040\000D\000a\000t\000a\000\040\000S\000t\000r\000u\000c\000t\000u\000r\000e\000\040\000I\000n\000d\000e\000x}{}% 4
\BOOKMARK [1][-]{section.3.1}{\376\377\0003\000.\0001\000\040\000D\000a\000t\000a\000\040\000S\000t\000r\000u\000c\000t\000u\000r\000e\000s}{chapter.3}% 5
\BOOKMARK [0][-]{chapter.4}{\376\377\0004\000\040\000M\000o\000d\000u\000l\000e\000\040\000D\000o\000c\000u\000m\000e\000n\000t\000a\000t\000i\000o\000n}{}% 6
\BOOKMARK [1][-]{section.4.1}{\376\377\0004\000.\0001\000\040\000A\000D\000C}{chapter.4}% 7
\BOOKMARK [2][-]{subsection.4.1.1}{\376\377\0004\000.\0001\000.\0001\000\040\000D\000e\000t\000a\000i\000l\000e\000d\000\040\000D\000e\000s\000c\000r\000i\000p\000t\000i\000o\000n}{section.4.1}% 8
\BOOKMARK [2][-]{subsection.4.1.2}{\376\377\0004\000.\0001\000.\0002\000\040\000F\000u\000n\000c\000t\000i\000o\000n\000\040\000D\000o\000c\000u\000m\000e\000n\000t\000a\000t\000i\000o\000n}{section.4.1}% 9
\BOOKMARK [3][-]{subsubsection.4.1.2.1}{\376\377\0004\000.\0001\000.\0002\000.\0001\000\040\000A\000D\000C\000\137\000i\000n\000i\000t\000A\000D\000C}{subsection.4.1.2}% 10
\BOOKMARK [3][-]{subsubsection.4.1.2.2}{\376\377\0004\000.\0001\000.\0002\000.\0002\000\040\000A\000D\000C\000\137\000i\000n\000i\000t\000C\000l\000k\000P\000W\000M}{subsection.4.1.2}% 11
\BOOKMARK [3][-]{subsubsection.4.1.2.3}{\376\377\0004\000.\0001\000.\0002\000.\0003\000\040\000A\000D\000C\000\137\000i\000n\000i\000t\000C\000o\000n\000t\000r\000o\000l\000s}{subsection.4.1.2}% 12
\BOOKMARK [3][-]{subsubsection.4.1.2.4}{\376\377\0004\000.\0001\000.\0002\000.\0004\000\040\000A\000D\000C\000\137\000i\000n\000i\000t\000D\000R\000D\000Y}{subsection.4.1.2}% 13
\BOOKMARK [3][-]{subsubsection.4.1.2.5}{\376\377\0004\000.\0001\000.\0002\000.\0005\000\040\000A\000D\000C\000\137\000i\000n\000i\000t\000D\000R\000D\000Y\000i\000n\000t}{subsection.4.1.2}% 14
\BOOKMARK [3][-]{subsubsection.4.1.2.6}{\376\377\0004\000.\0001\000.\0002\000.\0006\000\040\000A\000D\000C\000\137\000i\000n\000i\000t\000N\000S\000Y\000N\000C}{subsection.4.1.2}% 15
\BOOKMARK [3][-]{subsubsection.4.1.2.7}{\376\377\0004\000.\0001\000.\0002\000.\0007\000\040\000A\000D\000C\000\137\000i\000n\000i\000t\000S\000S\000I}{subsection.4.1.2}% 16
\BOOKMARK [3][-]{subsubsection.4.1.2.8}{\376\377\0004\000.\0001\000.\0002\000.\0008\000\040\000A\000D\000C\000\137\000i\000n\000i\000t\000U\000D\000M\000A\000s\000s\000i\000R\000X}{subsection.4.1.2}% 17
\BOOKMARK [3][-]{subsubsection.4.1.2.9}{\376\377\0004\000.\0001\000.\0002\000.\0009\000\040\000A\000D\000C\000\137\000s\000e\000t\000C\000L\000K\000d\000i\000v}{subsection.4.1.2}% 18
\BOOKMARK [3][-]{subsubsection.4.1.2.10}{\376\377\0004\000.\0001\000.\0002\000.\0001\0000\000\040\000A\000D\000C\000\137\000s\000e\000t\000C\000L\000K\000f\000r\000e\000q}{subsection.4.1.2}% 19
\BOOKMARK [3][-]{subsubsection.4.1.2.11}{\376\377\0004\000.\0001\000.\0002\000.\0001\0001\000\040\000A\000D\000C\000\137\000s\000e\000t\000M\000o\000d\000e}{subsection.4.1.2}% 20
\BOOKMARK [3][-]{subsubsection.4.1.2.12}{\376\377\0004\000.\0001\000.\0002\000.\0001\0002\000\040\000A\000D\000C\000\137\000s\000e\000t\000S\000e\000r\000i\000a\000l\000F\000o\000r\000m\000a\000t}{subsection.4.1.2}% 21
\BOOKMARK [3][-]{subsubsection.4.1.2.13}{\376\377\0004\000.\0001\000.\0002\000.\0001\0003\000\040\000A\000D\000C\000\137\000s\000e\000t\000T\000e\000s\000t\000M\000o\000d\000e}{subsection.4.1.2}% 22
\BOOKMARK [3][-]{subsubsection.4.1.2.14}{\376\377\0004\000.\0001\000.\0002\000.\0001\0004\000\040\000A\000D\000C\000\137\000S\000S\000I\000R\000X\000u\000D\000M\000A\000\137\000I\000S\000R}{subsection.4.1.2}% 23
\BOOKMARK [1][-]{section.4.2}{\376\377\0004\000.\0002\000\040\000A\000D\000C}{chapter.4}% 24
\BOOKMARK [2][-]{subsection.4.2.1}{\376\377\0004\000.\0002\000.\0001\000\040\000D\000e\000t\000a\000i\000l\000e\000d\000\040\000D\000e\000s\000c\000r\000i\000p\000t\000i\000o\000n}{section.4.2}% 25
\BOOKMARK [2][-]{subsection.4.2.2}{\376\377\0004\000.\0002\000.\0002\000\040\000F\000u\000n\000c\000t\000i\000o\000n\000\040\000D\000o\000c\000u\000m\000e\000n\000t\000a\000t\000i\000o\000n}{section.4.2}% 26
\BOOKMARK [3][-]{subsubsection.4.2.2.1}{\376\377\0004\000.\0002\000.\0002\000.\0001\000\040\000D\000A\000C\000\137\000c\000l\000e\000a\000r\000D\000A\000C\000s}{subsection.4.2.2}% 27
\BOOKMARK [3][-]{subsubsection.4.2.2.2}{\376\377\0004\000.\0002\000.\0002\000.\0002\000\040\000D\000A\000C\000\137\000c\000l\000e\000a\000r\000D\000A\000C\000s\000P\000i\000n}{subsection.4.2.2}% 28
\BOOKMARK [3][-]{subsubsection.4.2.2.3}{\376\377\0004\000.\0002\000.\0002\000.\0003\000\040\000D\000A\000C\000\137\000g\000e\000t\000S\000S\000I\000n\000S\000e\000t\000t\000i\000n\000g\000s\000C\000R\0001}{subsection.4.2.2}% 29
\BOOKMARK [3][-]{subsubsection.4.2.2.4}{\376\377\0004\000.\0002\000.\0002\000.\0004\000\040\000D\000A\000C\000\137\000i\000n\000i\000t\000C\000t\000l\000C\000L\000R}{subsection.4.2.2}% 30
\BOOKMARK [3][-]{subsubsection.4.2.2.5}{\376\377\0004\000.\0002\000.\0002\000.\0005\000\040\000D\000A\000C\000\137\000i\000n\000i\000t\000C\000t\000l\000L\000D\000A\000C}{subsection.4.2.2}% 31
\BOOKMARK [3][-]{subsubsection.4.2.2.6}{\376\377\0004\000.\0002\000.\0002\000.\0006\000\040\000D\000A\000C\000\137\000i\000n\000i\000t\000D\000A\000C}{subsection.4.2.2}% 32
\BOOKMARK [3][-]{subsubsection.4.2.2.7}{\376\377\0004\000.\0002\000.\0002\000.\0007\000\040\000D\000A\000C\000\137\000i\000n\000i\000t\000S\000S\000I}{subsection.4.2.2}% 33
\BOOKMARK [3][-]{subsubsection.4.2.2.8}{\376\377\0004\000.\0002\000.\0002\000.\0008\000\040\000D\000A\000C\000\137\000i\000n\000i\000t\000S\000S\000I\000i\000n\000t}{subsection.4.2.2}% 34
\BOOKMARK [3][-]{subsubsection.4.2.2.9}{\376\377\0004\000.\0002\000.\0002\000.\0009\000\040\000D\000A\000C\000\137\000i\000n\000i\000t\000T\000i\000m\000e\000r\000s\000L\000D\000A\000C}{subsection.4.2.2}% 35
\BOOKMARK [3][-]{subsubsection.4.2.2.10}{\376\377\0004\000.\0002\000.\0002\000.\0001\0000\000\040\000D\000A\000C\000\137\000i\000n\000t\000H\000a\000n\000d\000l\000e\000r\000S\000S\000I}{subsection.4.2.2}% 36
\BOOKMARK [3][-]{subsubsection.4.2.2.11}{\376\377\0004\000.\0002\000.\0002\000.\0001\0001\000\040\000D\000A\000C\000\137\000i\000n\000t\000H\000a\000n\000d\000l\000e\000r\000S\000S\000I\000t\000i\000m\000e\000r}{subsection.4.2.2}% 37
\BOOKMARK [3][-]{subsubsection.4.2.2.12}{\376\377\0004\000.\0002\000.\0002\000.\0001\0002\000\040\000D\000A\000C\000\137\000l\000o\000a\000d\000D\000A\000C\000s}{subsection.4.2.2}% 38
\BOOKMARK [3][-]{subsubsection.4.2.2.13}{\376\377\0004\000.\0002\000.\0002\000.\0001\0003\000\040\000D\000A\000C\000\137\000l\000o\000a\000d\000D\000A\000C\000s\000P\000i\000n}{subsection.4.2.2}% 39
\BOOKMARK [3][-]{subsubsection.4.2.2.14}{\376\377\0004\000.\0002\000.\0002\000.\0001\0004\000\040\000D\000A\000C\000\137\000l\000o\000a\000d\000D\000A\000C\000s\000P\000i\000n\000T\000i\000m\000e\000r}{subsection.4.2.2}% 40
\BOOKMARK [3][-]{subsubsection.4.2.2.15}{\376\377\0004\000.\0002\000.\0002\000.\0001\0005\000\040\000D\000A\000C\000\137\000s\000e\000t\000P\000o\000w\000e\000r\000C\000t\000l}{subsection.4.2.2}% 41
\BOOKMARK [3][-]{subsubsection.4.2.2.16}{\376\377\0004\000.\0002\000.\0002\000.\0001\0006\000\040\000D\000A\000C\000\137\000s\000e\000t\000R\000a\000n\000g\000e}{subsection.4.2.2}% 42
\BOOKMARK [3][-]{subsubsection.4.2.2.17}{\376\377\0004\000.\0002\000.\0002\000.\0001\0007\000\040\000D\000A\000C\000\137\000s\000e\000t\000S\000e\000t\000t\000i\000n\000g\000s\000C\000t\000l}{subsection.4.2.2}% 43
\BOOKMARK [3][-]{subsubsection.4.2.2.18}{\376\377\0004\000.\0002\000.\0002\000.\0001\0008\000\040\000D\000A\000C\000\137\000S\000S\000I\000I\000n\000t\000E\000n\000a\000b\000l\000e\000E\000O\000T}{subsection.4.2.2}% 44
\BOOKMARK [3][-]{subsubsection.4.2.2.19}{\376\377\0004\000.\0002\000.\0002\000.\0001\0009\000\040\000D\000A\000C\000\137\000u\000p\000d\000a\000t\000e\000D\000a\000t\000a\000D\000i\000g}{subsection.4.2.2}% 45
\BOOKMARK [3][-]{subsubsection.4.2.2.20}{\376\377\0004\000.\0002\000.\0002\000.\0002\0000\000\040\000D\000A\000C\000\137\000u\000p\000d\000a\000t\000e\000D\000a\000t\000a\000V\000o\000l\000t}{subsection.4.2.2}% 46
\BOOKMARK [3][-]{subsubsection.4.2.2.21}{\376\377\0004\000.\0002\000.\0002\000.\0002\0001\000\040\000D\000A\000C\000\137\000w\000r\000i\000t\000e\000N\000o\000p}{subsection.4.2.2}% 47
\BOOKMARK [3][-]{subsubsection.4.2.2.22}{\376\377\0004\000.\0002\000.\0002\000.\0002\0002\000\040\000D\000A\000C\000d\000\137\000c\000l\000e\000a\000r\000D\000A\000C\000s\000\137\000A\000H}{subsection.4.2.2}% 48
\BOOKMARK [3][-]{subsubsection.4.2.2.23}{\376\377\0004\000.\0002\000.\0002\000.\0002\0003\000\040\000D\000A\000C\000d\000\137\000c\000l\000e\000a\000r\000D\000A\000C\000s\000\137\000E\000H}{subsection.4.2.2}% 49
\BOOKMARK [3][-]{subsubsection.4.2.2.24}{\376\377\0004\000.\0002\000.\0002\000.\0002\0004\000\040\000D\000A\000C\000d\000\137\000i\000n\000i\000t\000D\000A\000C}{subsection.4.2.2}% 50
\BOOKMARK [3][-]{subsubsection.4.2.2.25}{\376\377\0004\000.\0002\000.\0002\000.\0002\0005\000\040\000D\000A\000C\000d\000\137\000l\000o\000a\000d\000D\000A\000C\000s\000\137\000A\000H}{subsection.4.2.2}% 51
\BOOKMARK [3][-]{subsubsection.4.2.2.26}{\376\377\0004\000.\0002\000.\0002\000.\0002\0006\000\040\000D\000A\000C\000d\000\137\000l\000o\000a\000d\000D\000A\000C\000s\000\137\000E\000H}{subsection.4.2.2}% 52
\BOOKMARK [3][-]{subsubsection.4.2.2.27}{\376\377\0004\000.\0002\000.\0002\000.\0002\0007\000\040\000D\000A\000C\000d\000\137\000l\000o\000a\000d\000D\000A\000C\000s\000P\000i\000n\000\137\000E\000H}{subsection.4.2.2}% 53
\BOOKMARK [3][-]{subsubsection.4.2.2.28}{\376\377\0004\000.\0002\000.\0002\000.\0002\0008\000\040\000D\000A\000C\000d\000\137\000s\000e\000t\000P\000o\000w\000e\000r\000C\000t\000l}{subsection.4.2.2}% 54
\BOOKMARK [3][-]{subsubsection.4.2.2.29}{\376\377\0004\000.\0002\000.\0002\000.\0002\0009\000\040\000D\000A\000C\000d\000\137\000s\000e\000t\000R\000a\000n\000g\000e}{subsection.4.2.2}% 55
\BOOKMARK [3][-]{subsubsection.4.2.2.30}{\376\377\0004\000.\0002\000.\0002\000.\0003\0000\000\040\000D\000A\000C\000d\000\137\000s\000e\000t\000S\000e\000t\000t\000i\000n\000g\000s\000C\000t\000l}{subsection.4.2.2}% 56
\BOOKMARK [3][-]{subsubsection.4.2.2.31}{\376\377\0004\000.\0002\000.\0002\000.\0003\0001\000\040\000D\000A\000C\000d\000\137\000u\000p\000d\000a\000t\000e\000D\000a\000t\000a\000D\000i\000g}{subsection.4.2.2}% 57
\BOOKMARK [3][-]{subsubsection.4.2.2.32}{\376\377\0004\000.\0002\000.\0002\000.\0003\0002\000\040\000D\000A\000C\000d\000\137\000u\000p\000d\000a\000t\000e\000D\000a\000t\000a\000V\000o\000l\000t}{subsection.4.2.2}% 58
\BOOKMARK [1][-]{section.4.3}{\376\377\0004\000.\0003\000\040\000S\000o\000f\000t\000w\000a\000r\000e\000\040\000D\000e\000f\000i\000n\000e\000d\000\040\000P\000L\000L}{chapter.4}% 59
\BOOKMARK [2][-]{subsection.4.3.1}{\376\377\0004\000.\0003\000.\0001\000\040\000D\000e\000t\000a\000i\000l\000e\000d\000\040\000D\000e\000s\000c\000r\000i\000p\000t\000i\000o\000n}{section.4.3}% 60
\BOOKMARK [2][-]{subsection.4.3.2}{\376\377\0004\000.\0003\000.\0002\000\040\000F\000u\000n\000c\000t\000i\000o\000n\000\040\000D\000o\000c\000u\000m\000e\000n\000t\000a\000t\000i\000o\000n}{section.4.3}% 61
\BOOKMARK [3][-]{subsubsection.4.3.2.1}{\376\377\0004\000.\0003\000.\0002\000.\0001\000\040\000F\000I\000R\000f\000i\000l\000t\000e\000r}{subsection.4.3.2}% 62
\BOOKMARK [3][-]{subsubsection.4.3.2.2}{\376\377\0004\000.\0003\000.\0002\000.\0002\000\040\000i\000n\000i\000t\000F\000I\000R}{subsection.4.3.2}% 63
\BOOKMARK [1][-]{section.4.4}{\376\377\0004\000.\0004\000\040\000F\000r\000e\000q\000u\000e\000n\000c\000y\000\040\000S\000y\000n\000t\000h\000e\000s\000i\000z\000e\000r}{chapter.4}% 64
\BOOKMARK [2][-]{subsection.4.4.1}{\376\377\0004\000.\0004\000.\0001\000\040\000D\000e\000t\000a\000i\000l\000e\000d\000\040\000D\000e\000s\000c\000r\000i\000p\000t\000i\000o\000n}{section.4.4}% 65
\BOOKMARK [2][-]{subsection.4.4.2}{\376\377\0004\000.\0004\000.\0002\000\040\000F\000u\000n\000c\000t\000i\000o\000n\000\040\000D\000o\000c\000u\000m\000e\000n\000t\000a\000t\000i\000o\000n}{section.4.4}% 66
\BOOKMARK [3][-]{subsubsection.4.4.2.1}{\376\377\0004\000.\0004\000.\0002\000.\0001\000\040\000s\000y\000n\000t\000h\000\137\000c\000l\000e\000a\000r\000I\000N\000T}{subsection.4.4.2}% 67
\BOOKMARK [3][-]{subsubsection.4.4.2.2}{\376\377\0004\000.\0004\000.\0002\000.\0002\000\040\000s\000y\000n\000t\000h\000\137\000f\000a\000n\000o\000u\000t\000E\000n\000a\000b\000l\000e}{subsection.4.4.2}% 68
\BOOKMARK [3][-]{subsubsection.4.4.2.3}{\376\377\0004\000.\0004\000.\0002\000.\0003\000\040\000s\000y\000n\000t\000h\000\137\000i\000n\000i\000t}{subsection.4.4.2}% 69
\BOOKMARK [3][-]{subsubsection.4.4.2.4}{\376\377\0004\000.\0004\000.\0002\000.\0004\000\040\000s\000y\000n\000t\000h\000\137\000i\000n\000i\000t\000A\000D\000C\000r\000e\000c\000l\000k\000E\000N\000L}{subsection.4.4.2}% 70
\BOOKMARK [3][-]{subsubsection.4.4.2.5}{\376\377\0004\000.\0004\000.\0002\000.\0005\000\040\000s\000y\000n\000t\000h\000\137\000i\000n\000i\000t\000C\000o\000n\000f\000i\000g}{subsection.4.4.2}% 71
\BOOKMARK [3][-]{subsubsection.4.4.2.6}{\376\377\0004\000.\0004\000.\0002\000.\0006\000\040\000s\000y\000n\000t\000h\000\137\000i\000n\000i\000t\000I\0002\000C}{subsection.4.4.2}% 72
\BOOKMARK [3][-]{subsubsection.4.4.2.7}{\376\377\0004\000.\0004\000.\0002\000.\0007\000\040\000s\000y\000n\000t\000h\000\137\000o\000u\000t\000p\000u\000t\000D\000i\000s\000a\000b\000l\000e\000A\000l\000l}{subsection.4.4.2}% 73
\BOOKMARK [3][-]{subsubsection.4.4.2.8}{\376\377\0004\000.\0004\000.\0002\000.\0008\000\040\000s\000y\000n\000t\000h\000\137\000o\000u\000t\000p\000u\000t\000E\000n\000a\000b\000l\000e}{subsection.4.4.2}% 74
\BOOKMARK [3][-]{subsubsection.4.4.2.9}{\376\377\0004\000.\0004\000.\0002\000.\0009\000\040\000s\000y\000n\000t\000h\000\137\000P\000L\000L\000r\000e\000s\000e\000t}{subsection.4.4.2}% 75
\BOOKMARK [3][-]{subsubsection.4.4.2.10}{\376\377\0004\000.\0004\000.\0002\000.\0001\0000\000\040\000s\000y\000n\000t\000h\000\137\000p\000o\000w\000e\000r\000D\000o\000w\000n\000O\000u\000t\000p\000u\000t\000D\000r\000i\000v\000e\000r\000s}{subsection.4.4.2}% 76
\BOOKMARK [3][-]{subsubsection.4.4.2.11}{\376\377\0004\000.\0004\000.\0002\000.\0001\0001\000\040\000s\000y\000n\000t\000h\000\137\000r\000e\000a\000d\000D\000e\000v\000i\000c\000e\000S\000t\000a\000t\000u\000s}{subsection.4.4.2}% 77
\BOOKMARK [3][-]{subsubsection.4.4.2.12}{\376\377\0004\000.\0004\000.\0002\000.\0001\0002\000\040\000s\000y\000n\000t\000h\000\137\000r\000e\000a\000d\000I\000N\000T\000s\000t\000a\000t\000u\000s}{subsection.4.4.2}% 78
\BOOKMARK [3][-]{subsubsection.4.4.2.13}{\376\377\0004\000.\0004\000.\0002\000.\0001\0003\000\040\000s\000y\000n\000t\000h\000\137\000r\000e\000a\000d\000R\000e\000g\000I\0002\000C}{subsection.4.4.2}% 79
\BOOKMARK [3][-]{subsubsection.4.4.2.14}{\376\377\0004\000.\0004\000.\0002\000.\0001\0004\000\040\000s\000y\000n\000t\000h\000\137\000s\000e\000t\000I\000n\000t\000e\000r\000r\000u\000p\000t\000M\000a\000s\000k\000s}{subsection.4.4.2}% 80
\BOOKMARK [3][-]{subsubsection.4.4.2.15}{\376\377\0004\000.\0004\000.\0002\000.\0001\0005\000\040\000s\000y\000n\000t\000h\000\137\000s\000e\000t\000X\000T\000A\000L\000c\000a\000p\000a\000c\000i\000t\000a\000n\000c\000e}{subsection.4.4.2}% 81
\BOOKMARK [3][-]{subsubsection.4.4.2.16}{\376\377\0004\000.\0004\000.\0002\000.\0001\0006\000\040\000s\000y\000n\000t\000h\000\137\000w\000r\000i\000t\000e\000C\000o\000n\000s\000e\000c\000u\000t\000i\000v\000e\000R\000e\000g\000s\000I\0002\000C}{subsection.4.4.2}% 82
\BOOKMARK [3][-]{subsubsection.4.4.2.17}{\376\377\0004\000.\0004\000.\0002\000.\0001\0007\000\040\000s\000y\000n\000t\000h\000\137\000w\000r\000i\000t\000e\000R\000e\000g\000C\000o\000n\000f\000i\000g}{subsection.4.4.2}% 83
\BOOKMARK [3][-]{subsubsection.4.4.2.18}{\376\377\0004\000.\0004\000.\0002\000.\0001\0008\000\040\000s\000y\000n\000t\000h\000\137\000w\000r\000i\000t\000e\000R\000e\000g\000I\0002\000C}{subsection.4.4.2}% 84
\BOOKMARK [1][-]{section.4.5}{\376\377\0004\000.\0005\000\040\000T\000e\000m\000p\000e\000r\000a\000t\000u\000r\000e\000\040\000S\000e\000n\000s\000o\000r}{chapter.4}% 85
\BOOKMARK [2][-]{subsection.4.5.1}{\376\377\0004\000.\0005\000.\0001\000\040\000D\000e\000t\000a\000i\000l\000e\000d\000\040\000D\000e\000s\000c\000r\000i\000p\000t\000i\000o\000n}{section.4.5}% 86
\BOOKMARK [2][-]{subsection.4.5.2}{\376\377\0004\000.\0005\000.\0002\000\040\000F\000u\000n\000c\000t\000i\000o\000n\000\040\000D\000o\000c\000u\000m\000e\000n\000t\000a\000t\000i\000o\000n}{section.4.5}% 87
\BOOKMARK [3][-]{subsubsection.4.5.2.1}{\376\377\0004\000.\0005\000.\0002\000.\0001\000\040\000t\000e\000m\000p\000\137\000c\000o\000n\000f\000i\000g\000S\000e\000n\000s\000o\000r\000C\000o\000n\000t\000i\000n\000u\000o\000u\000s\000R\000e\000a\000d}{subsection.4.5.2}% 88
\BOOKMARK [3][-]{subsubsection.4.5.2.2}{\376\377\0004\000.\0005\000.\0002\000.\0002\000\040\000t\000e\000m\000p\000\137\000d\000e\000g\000C\0001\0003\000b\000i\000t\000R\000e\000a\000d\000i\000n\000g}{subsection.4.5.2}% 89
\BOOKMARK [3][-]{subsubsection.4.5.2.3}{\376\377\0004\000.\0005\000.\0002\000.\0003\000\040\000t\000e\000m\000p\000\137\000d\000e\000g\000F\0001\0003\000b\000i\000t\000R\000e\000a\000d\000i\000n\000g}{subsection.4.5.2}% 90
\BOOKMARK [3][-]{subsubsection.4.5.2.4}{\376\377\0004\000.\0005\000.\0002\000.\0004\000\040\000t\000e\000m\000p\000\137\000i\000n\000i\000t\000S\000S\000I\0000\000u\000D\000M\000A}{subsection.4.5.2}% 91
\BOOKMARK [3][-]{subsubsection.4.5.2.5}{\376\377\0004\000.\0005\000.\0002\000.\0005\000\040\000t\000e\000m\000p\000\137\000i\000n\000i\000t\000T\000i\000m\000e\000r\0002\000A}{subsection.4.5.2}% 92
\BOOKMARK [3][-]{subsubsection.4.5.2.6}{\376\377\0004\000.\0005\000.\0002\000.\0006\000\040\000t\000e\000m\000p\000\137\000r\000e\000s\000e\000t\000S\000P\000I}{subsection.4.5.2}% 93
\BOOKMARK [3][-]{subsubsection.4.5.2.7}{\376\377\0004\000.\0005\000.\0002\000.\0007\000\040\000t\000e\000m\000p\000\137\000T\000i\000m\000e\000r\0002\000I\000n\000t\000H\000a\000n\000d\000l\000e\000r}{subsection.4.5.2}% 94
\BOOKMARK [3][-]{subsubsection.4.5.2.8}{\376\377\0004\000.\0005\000.\0002\000.\0008\000\040\000t\000e\000m\000p\000\137\000u\000D\000M\000A\000E\000r\000r\000o\000r\000H\000a\000n\000d\000l\000e\000r}{subsection.4.5.2}% 95
\BOOKMARK [1][-]{section.4.6}{\376\377\0004\000.\0006\000\040\000T\000i\000v\000a\000w\000a\000r\000e\000\040\000E\000x\000t\000e\000n\000s\000i\000o\000n}{chapter.4}% 96
\BOOKMARK [2][-]{subsection.4.6.1}{\376\377\0004\000.\0006\000.\0001\000\040\000D\000e\000t\000a\000i\000l\000e\000d\000\040\000D\000e\000s\000c\000r\000i\000p\000t\000i\000o\000n}{section.4.6}% 97
\BOOKMARK [2][-]{subsection.4.6.2}{\376\377\0004\000.\0006\000.\0002\000\040\000F\000u\000n\000c\000t\000i\000o\000n\000\040\000D\000o\000c\000u\000m\000e\000n\000t\000a\000t\000i\000o\000n}{section.4.6}% 98
\BOOKMARK [3][-]{subsubsection.4.6.2.1}{\376\377\0004\000.\0006\000.\0002\000.\0001\000\040\000t\000w\000e\000\137\000e\000r\000a\000s\000e\000F\000l\000a\000s\000h\000R\000a\000n\000g\000e}{subsection.4.6.2}% 99
\BOOKMARK [3][-]{subsubsection.4.6.2.2}{\376\377\0004\000.\0006\000.\0002\000.\0002\000\040\000t\000w\000e\000\137\000F\000L\000A\000S\000H\000\137\000b\000a\000d\000W\000r\000i\000t\000e\000I\000S\000R}{subsection.4.6.2}% 100
\BOOKMARK [3][-]{subsubsection.4.6.2.3}{\376\377\0004\000.\0006\000.\0002\000.\0003\000\040\000t\000w\000e\000\137\000I\0002\000C\000M\000a\000s\000t\000e\000r\000V\000e\000r\000i\000f\000y}{subsection.4.6.2}% 101
\BOOKMARK [3][-]{subsubsection.4.6.2.4}{\376\377\0004\000.\0006\000.\0002\000.\0004\000\040\000t\000w\000e\000\137\000i\000n\000i\000t\000F\000l\000a\000s\000h}{subsection.4.6.2}% 102
\BOOKMARK [3][-]{subsubsection.4.6.2.5}{\376\377\0004\000.\0006\000.\0002\000.\0005\000\040\000t\000w\000e\000\137\000i\000n\000i\000t\000F\000P\000U}{subsection.4.6.2}% 103
\BOOKMARK [3][-]{subsubsection.4.6.2.6}{\376\377\0004\000.\0006\000.\0002\000.\0006\000\040\000t\000w\000e\000\137\000i\000n\000i\000t\000F\000P\000U\000l\000a\000z\000y}{subsection.4.6.2}% 104
\BOOKMARK [3][-]{subsubsection.4.6.2.7}{\376\377\0004\000.\0006\000.\0002\000.\0007\000\040\000t\000w\000e\000\137\000i\000n\000i\000t\000P\000r\000o\000c\000e\000s\000s\000i\000n\000g\000I\000n\000d\000i\000c\000a\000t\000o\000r}{subsection.4.6.2}% 105
\BOOKMARK [3][-]{subsubsection.4.6.2.8}{\376\377\0004\000.\0006\000.\0002\000.\0008\000\040\000t\000w\000e\000\137\000i\000n\000i\000t\000S\000y\000s\000t\000e\000m\0008\0000\000M\000H\000z}{subsection.4.6.2}% 106
\BOOKMARK [3][-]{subsubsection.4.6.2.9}{\376\377\0004\000.\0006\000.\0002\000.\0009\000\040\000t\000w\000e\000\137\000i\000n\000i\000t\000U\000A\000R\000T}{subsection.4.6.2}% 107
\BOOKMARK [3][-]{subsubsection.4.6.2.10}{\376\377\0004\000.\0006\000.\0002\000.\0001\0000\000\040\000t\000w\000e\000\137\000i\000n\000i\000t\000U\000D\000M\000A\000c\000o\000n\000t\000r\000o\000l\000l\000e\000r}{subsection.4.6.2}% 108
\BOOKMARK [3][-]{subsubsection.4.6.2.11}{\376\377\0004\000.\0006\000.\0002\000.\0001\0001\000\040\000t\000w\000e\000\137\000p\000r\000o\000t\000e\000c\000t\000F\000l\000a\000s\000h\000R\000a\000n\000g\000e}{subsection.4.6.2}% 109
\BOOKMARK [3][-]{subsubsection.4.6.2.12}{\376\377\0004\000.\0006\000.\0002\000.\0001\0002\000\040\000t\000w\000e\000\137\000S\000S\000I\000I\000n\000t\000E\000n\000a\000b\000l\000e\000E\000O\000T}{subsection.4.6.2}% 110
\BOOKMARK [3][-]{subsubsection.4.6.2.13}{\376\377\0004\000.\0006\000.\0002\000.\0001\0003\000\040\000t\000w\000e\000\137\000u\000D\000M\000A\000E\000r\000r\000o\000r\000H\000a\000n\000d\000l\000e\000r}{subsection.4.6.2}% 111
\BOOKMARK [0][-]{chapter.5}{\376\377\0005\000\040\000D\000a\000t\000a\000\040\000S\000t\000r\000u\000c\000t\000u\000r\000e\000\040\000D\000o\000c\000u\000m\000e\000n\000t\000a\000t\000i\000o\000n}{}% 112
\BOOKMARK [1][-]{section.5.1}{\376\377\0005\000.\0001\000\040\000f\000i\000r\000I\000n\000s\000t\000\040\000S\000t\000r\000u\000c\000t\000\040\000R\000e\000f\000e\000r\000e\000n\000c\000e}{chapter.5}% 113
\BOOKMARK [2][-]{subsection.5.1.1}{\376\377\0005\000.\0001\000.\0001\000\040\000D\000e\000t\000a\000i\000l\000e\000d\000\040\000D\000e\000s\000c\000r\000i\000p\000t\000i\000o\000n}{section.5.1}% 114
\BOOKMARK [2][-]{subsection.5.1.2}{\376\377\0005\000.\0001\000.\0002\000\040\000F\000i\000e\000l\000d\000\040\000D\000o\000c\000u\000m\000e\000n\000t\000a\000t\000i\000o\000n}{section.5.1}% 115
\BOOKMARK [3][-]{subsubsection.5.1.2.1}{\376\377\0005\000.\0001\000.\0002\000.\0001\000\040\000c\000o\000e\000f\000f}{subsection.5.1.2}% 116
\BOOKMARK [3][-]{subsubsection.5.1.2.2}{\376\377\0005\000.\0001\000.\0002\000.\0002\000\040\000d\000a\000t\000a\000B\000u\000f\000f\000e\000r}{subsection.5.1.2}% 117
\BOOKMARK [3][-]{subsubsection.5.1.2.3}{\376\377\0005\000.\0001\000.\0002\000.\0003\000\040\000d\000a\000t\000a\000B\000u\000f\000f\000e\000r\000E\000n\000d}{subsection.5.1.2}% 118
\BOOKMARK [3][-]{subsubsection.5.1.2.4}{\376\377\0005\000.\0001\000.\0002\000.\0004\000\040\000d\000a\000t\000a\000B\000u\000f\000f\000e\000r\000S\000t\000a\000r\000t}{subsection.5.1.2}% 119
\BOOKMARK [3][-]{subsubsection.5.1.2.5}{\376\377\0005\000.\0001\000.\0002\000.\0005\000\040\000d\000a\000t\000a\000H\000e\000a\000d}{subsection.5.1.2}% 120
\BOOKMARK [3][-]{subsubsection.5.1.2.6}{\376\377\0005\000.\0001\000.\0002\000.\0006\000\040\000p\000D\000a\000t\000a}{subsection.5.1.2}% 121
\BOOKMARK [1][-]{section.5.2}{\376\377\0005\000.\0002\000\040\000f\000l\000o\000a\000t\000F\000l\000a\000s\000h\000\040\000S\000t\000r\000u\000c\000t\000\040\000R\000e\000f\000e\000r\000e\000n\000c\000e}{chapter.5}% 122
\BOOKMARK [2][-]{subsection.5.2.1}{\376\377\0005\000.\0002\000.\0001\000\040\000D\000e\000t\000a\000i\000l\000e\000d\000\040\000D\000e\000s\000c\000r\000i\000p\000t\000i\000o\000n}{section.5.2}% 123
\BOOKMARK [2][-]{subsection.5.2.2}{\376\377\0005\000.\0002\000.\0002\000\040\000F\000i\000e\000l\000d\000\040\000D\000o\000c\000u\000m\000e\000n\000t\000a\000t\000i\000o\000n}{section.5.2}% 124
\BOOKMARK [3][-]{subsubsection.5.2.2.1}{\376\377\0005\000.\0002\000.\0002\000.\0001\000\040\000a\000d\000d\000r\000e\000s\000s}{subsection.5.2.2}% 125
\BOOKMARK [3][-]{subsubsection.5.2.2.2}{\376\377\0005\000.\0002\000.\0002\000.\0002\000\040\000d\000a\000t\000a}{subsection.5.2.2}% 126
\BOOKMARK [1][-]{section.5.3}{\376\377\0005\000.\0003\000\040\000i\000n\000t\000s\0002\0004\000\040\000U\000n\000i\000o\000n\000\040\000R\000e\000f\000e\000r\000e\000n\000c\000e}{chapter.5}% 127
\BOOKMARK [2][-]{subsection.5.3.1}{\376\377\0005\000.\0003\000.\0001\000\040\000D\000e\000t\000a\000i\000l\000e\000d\000\040\000D\000e\000s\000c\000r\000i\000p\000t\000i\000o\000n}{section.5.3}% 128
\BOOKMARK [2][-]{subsection.5.3.2}{\376\377\0005\000.\0003\000.\0002\000\040\000F\000i\000e\000l\000d\000\040\000D\000o\000c\000u\000m\000e\000n\000t\000a\000t\000i\000o\000n}{section.5.3}% 129
\BOOKMARK [3][-]{subsubsection.5.3.2.1}{\376\377\0005\000.\0003\000.\0002\000.\0001\000\040\000i\000n\000t\000n}{subsection.5.3.2}% 130
\BOOKMARK [3][-]{subsubsection.5.3.2.2}{\376\377\0005\000.\0003\000.\0002\000.\0002\000\040\000u\000i\000n\000t\000n}{subsection.5.3.2}% 131
